app/build/outputs/logs/manifest-merger-debug-report.txt
-- Merging decision tree log ---
manifest
ADDED from src\main\AndroidManifest.xml:2:1-29:12
	package
		ADDED from src\main\AndroidManifest.xml:3:5-44
		INJECTED from src\main\AndroidManifest.xml
		INJECTED from src\main\AndroidManifest.xml
	android:versionName
		ADDED from src\main\AndroidManifest.xml:5:5-30
		INJECTED from src\main\AndroidManifest.xml
		INJECTED from src\main\AndroidManifest.xml
	android:versionCode
		ADDED from src\main\AndroidManifest.xml:4:5-28
		INJECTED from src\main\AndroidManifest.xml
		INJECTED from src\main\AndroidManifest.xml
	xmlns:android
		ADDED from src\main\AndroidManifest.xml:2:11-69
application
ADDED from src\main\AndroidManifest.xml:7:5-28:19
	android:label
		ADDED from src\main\AndroidManifest.xml:9:9-41
	android:allowBackup
		ADDED from src\main\AndroidManifest.xml:11:9-36
	android:icon
		ADDED from src\main\AndroidManifest.xml:8:9-38
	android:name
		ADDED from src\main\AndroidManifest.xml:10:9-35
activity#android_serialport_api.sample.MainMenu
ADDED from src\main\AndroidManifest.xml:12:9-20:20
	android:label
		ADDED from src\main\AndroidManifest.xml:13:13-45
	android:name
		ADDED from src\main\AndroidManifest.xml:14:13-36
intent-filter#android.intent.action.MAIN+android.intent.category.LAUNCHER
ADDED from src\main\AndroidManifest.xml:15:13-19:29
action#android.intent.action.MAIN
ADDED from src\main\AndroidManifest.xml:16:17-69
	android:name
		ADDED from src\main\AndroidManifest.xml:16:25-66
category#android.intent.category.LAUNCHER
ADDED from src\main\AndroidManifest.xml:18:17-77
	android:name
		ADDED from src\main\AndroidManifest.xml:18:27-74
activity#android_serialport_api.sample.SerialPortPreferences
ADDED from src\main\AndroidManifest.xml:21:9-22:20
	android:name
		ADDED from src\main\AndroidManifest.xml:21:19-55
activity#android_serialport_api.sample.ConsoleActivity
ADDED from src\main\AndroidManifest.xml:23:9-24:20
	android:name
		ADDED from src\main\AndroidManifest.xml:23:19-49
activity#android_serialport_api.sample.LoopbackActivity
ADDED from src\main\AndroidManifest.xml:25:9-26:20
	android:name
		ADDED from src\main\AndroidManifest.xml:25:19-50
activity#android_serialport_api.sample.Sending01010101Activity
ADDED from src\main\AndroidManifest.xml:27:9-69
	android:name
		ADDED from src\main\AndroidManifest.xml:27:19-57
uses-sdk
INJECTED from src\main\AndroidManifest.xml reason: use-sdk injection requested
	android:targetSdkVersion
		INJECTED from src\main\AndroidManifest.xml
		INJECTED from src\main\AndroidManifest.xml
	android:minSdkVersion
		INJECTED from src\main\AndroidManifest.xml
		INJECTED from src\main\AndroidManifest.xml